# Logfile created on 2014-02-02 12:46:05 -0500 by logger.rb/36483
I, [2014-02-02T12:56:28.282728 #79677]  INFO -- : [#<Session:0x007fe5c3839e00 @id=0, @title="my title", @subtitle="my subtitle">]
I, [2014-02-02T12:56:42.263411 #79755]  INFO -- : [#<Session:0x007fb7db041e70 @id=0, @title="my title", @subtitle="my subtitle">]
I, [2014-02-02T13:03:31.050018 #79902]  INFO -- : [#<Session:0x007faa4b042d68 @id=0, @title="my title", @subtitle="my subtitle">]
I, [2014-02-02T13:05:47.665922 #80087]  INFO -- : [#<Session:0x007f870501eb70 @id=0, @title="my title", @subtitle="my subtitle">]
I, [2014-02-02T13:22:50.768296 #81496]  INFO -- : starting
I, [2014-02-02T13:22:50.769714 #81496]  INFO -- : <?xml version="1.0"?>
<items>
  <item arg="0">
    <title>my title</title>
    <subtitle>my title</subtitle>
    <icon type="fileicon">/Applications/iTerm.app</icon>
  </item>
</items>

I, [2014-02-02T13:23:26.765853 #81587]  INFO -- : starting
I, [2014-02-02T13:23:26.942536 #81591]  INFO -- : starting
I, [2014-02-02T13:23:42.311480 #81600]  INFO -- : starting
I, [2014-02-02T13:23:42.376269 #81600]  INFO -- : going
I, [2014-02-02T13:23:42.439111 #81604]  INFO -- : starting
I, [2014-02-02T13:23:42.505102 #81604]  INFO -- : going
I, [2014-02-02T13:23:42.599740 #81608]  INFO -- : starting
I, [2014-02-02T13:23:42.666438 #81608]  INFO -- : going
I, [2014-02-02T13:23:51.702641 #81620]  INFO -- : starting
I, [2014-02-02T13:23:51.766958 #81620]  INFO -- : going
I, [2014-02-02T13:24:20.523179 #81711]  INFO -- : <?xml version="1.0"?>
<items>
  <item arg="0">
    <title>my title</title>
    <subtitle>my title</subtitle>
    <icon type="fileicon">/Applications/iTerm.app</icon>
  </item>
</items>

I, [2014-02-02T13:24:20.736255 #81715]  INFO -- : <?xml version="1.0"?>
<items>
  <item arg="0">
    <title>my title</title>
    <subtitle>my title</subtitle>
    <icon type="fileicon">/Applications/iTerm.app</icon>
  </item>
</items>

I, [2014-02-02T13:24:22.395644 #81719]  INFO -- : <?xml version="1.0"?>
<items>
  <item arg="0">
    <title>my title</title>
    <subtitle>my title</subtitle>
    <icon type="fileicon">/Applications/iTerm.app</icon>
  </item>
</items>

I, [2014-02-02T13:25:03.483093 #81770]  INFO -- : <?xml version="1.0"?>
<items>
  <item arg="0">
    <title>my title</title>
    <subtitle>my title</subtitle>
    <icon type="fileicon">/Applications/iTerm.app</icon>
  </item>
</items>

I, [2014-02-02T13:25:03.651181 #81774]  INFO -- : <?xml version="1.0"?>
<items>
  <item arg="0">
    <title>my title</title>
    <subtitle>my title</subtitle>
    <icon type="fileicon">/Applications/iTerm.app</icon>
  </item>
</items>

I, [2014-02-02T13:25:03.798254 #81779]  INFO -- : <?xml version="1.0"?>
<items>
  <item arg="0">
    <title>my title</title>
    <subtitle>my title</subtitle>
    <icon type="fileicon">/Applications/iTerm.app</icon>
  </item>
</items>

I, [2014-02-02T13:25:07.693873 #81786]  INFO -- : <?xml version="1.0"?>
<items>
  <item arg="0">
    <title>my title</title>
    <subtitle>my title</subtitle>
    <icon type="fileicon">/Applications/iTerm.app</icon>
  </item>
</items>

I, [2014-02-02T13:25:07.910055 #81791]  INFO -- : <?xml version="1.0"?>
<items>
  <item arg="0">
    <title>my title</title>
    <subtitle>my title</subtitle>
    <icon type="fileicon">/Applications/iTerm.app</icon>
  </item>
</items>

I, [2014-02-02T13:25:26.265602 #81802]  INFO -- : <?xml version="1.0"?>
<items>
  <item arg="0">
    <title>my title</title>
    <subtitle>my title</subtitle>
    <icon type="fileicon">/Applications/iTerm.app</icon>
  </item>
</items>

I, [2014-02-02T13:25:26.714218 #81807]  INFO -- : <?xml version="1.0"?>
<items>
  <item arg="0">
    <title>my title</title>
    <subtitle>my title</subtitle>
    <icon type="fileicon">/Applications/iTerm.app</icon>
  </item>
</items>

I, [2014-02-02T13:25:27.696306 #81811]  INFO -- : <?xml version="1.0"?>
<items>
  <item arg="0">
    <title>my title</title>
    <subtitle>my title</subtitle>
    <icon type="fileicon">/Applications/iTerm.app</icon>
  </item>
</items>

I, [2014-02-02T13:25:40.644878 #81819]  INFO -- : <?xml version="1.0"?>
<items>
  <item arg="0">
    <title>my title</title>
    <subtitle>my subtitle</subtitle>
    <icon type="fileicon">/Applications/iTerm.app</icon>
  </item>
</items>

I, [2014-02-02T13:25:40.797902 #81823]  INFO -- : <?xml version="1.0"?>
<items>
  <item arg="0">
    <title>my title</title>
    <subtitle>my subtitle</subtitle>
    <icon type="fileicon">/Applications/iTerm.app</icon>
  </item>
</items>

I, [2014-02-02T13:25:40.938916 #81827]  INFO -- : <?xml version="1.0"?>
<items>
  <item arg="0">
    <title>my title</title>
    <subtitle>my subtitle</subtitle>
    <icon type="fileicon">/Applications/iTerm.app</icon>
  </item>
</items>

I, [2014-02-02T20:26:46.604568 #36945]  INFO -- : nil
I, [2014-02-02T20:30:13.027926 #37224]  INFO -- : hello
I, [2014-02-02T20:30:23.877914 #37232]  INFO -- : hello
I, [2014-02-02T20:32:15.453735 #53205]  INFO -- : hello
I, [2014-02-02T20:32:15.496477 #53205]  INFO -- : goodbye
I, [2014-02-02T20:32:19.061667 #53210]  INFO -- : hello
I, [2014-02-02T20:32:19.105862 #53210]  INFO -- : goodbye
I, [2014-02-02T20:32:19.260435 #53211]  INFO -- : hello
I, [2014-02-02T20:32:19.309681 #53211]  INFO -- : goodbye
I, [2014-02-02T20:32:19.436058 #53212]  INFO -- : hello
I, [2014-02-02T20:32:19.486732 #53212]  INFO -- : goodbye
I, [2014-02-02T20:32:20.678906 #53213]  INFO -- : hello
I, [2014-02-02T20:32:20.729836 #53213]  INFO -- : goodbye
I, [2014-02-02T20:32:20.910572 #53214]  INFO -- : hello
I, [2014-02-02T20:32:20.976609 #53214]  INFO -- : goodbye
I, [2014-02-02T20:32:37.350252 #53252]  INFO -- : hello
I, [2014-02-02T20:32:37.394456 #53252]  INFO -- : goodbye
I, [2014-02-02T20:32:37.409956 #53252]  INFO -- : 
I, [2014-02-02T20:32:41.084613 #53255]  INFO -- : hello
I, [2014-02-02T20:32:41.127792 #53255]  INFO -- : goodbye
I, [2014-02-02T20:32:41.144540 #53255]  INFO -- : 
I, [2014-02-02T20:32:42.989667 #53257]  INFO -- : hello
I, [2014-02-02T20:32:43.032194 #53257]  INFO -- : goodbye
I, [2014-02-02T20:32:43.051416 #53257]  INFO -- : 
I, [2014-02-02T20:32:43.826355 #53260]  INFO -- : hello
I, [2014-02-02T20:32:43.872761 #53260]  INFO -- : goodbye
I, [2014-02-02T20:32:43.893780 #53260]  INFO -- : 
I, [2014-02-02T20:32:48.857869 #53262]  INFO -- : hello
I, [2014-02-02T20:32:48.900239 #53262]  INFO -- : goodbye
I, [2014-02-02T20:32:48.917621 #53262]  INFO -- : 
I, [2014-02-02T20:32:50.737384 #53265]  INFO -- : hello
I, [2014-02-02T20:32:50.781410 #53265]  INFO -- : goodbye
I, [2014-02-02T20:32:50.797501 #53265]  INFO -- : 
I, [2014-02-03T07:10:48.581351 #56458]  INFO -- : nil
I, [2014-02-03T07:10:50.684625 #56463]  INFO -- : nil
I, [2014-02-03T07:11:32.926667 #56512]  INFO -- : nil
I, [2014-02-03T07:11:34.699607 #56519]  INFO -- : nil
I, [2014-02-03T07:12:47.237648 #56569]  INFO -- : nil
I, [2014-02-03T07:13:16.591748 #56583]  INFO -- : true
I, [2014-02-03T07:13:16.591976 #56583]  INFO -- : nil
I, [2014-02-03T07:13:23.087176 #56586]  INFO -- : true
I, [2014-02-03T07:13:23.087346 #56586]  INFO -- : nil
I, [2014-02-03T07:13:24.192198 #56589]  INFO -- : true
I, [2014-02-03T07:13:24.192368 #56589]  INFO -- : nil
I, [2014-02-03T07:13:49.145499 #56599]  INFO -- : true
I, [2014-02-03T07:13:49.145695 #56599]  INFO -- : nil
I, [2014-02-03T07:13:50.621069 #56604]  INFO -- : true
I, [2014-02-03T07:13:50.621257 #56604]  INFO -- : nil
I, [2014-02-03T07:13:51.269575 #56606]  INFO -- : true
I, [2014-02-03T07:13:51.269776 #56606]  INFO -- : nil
I, [2014-02-03T07:13:52.852835 #56609]  INFO -- : true
I, [2014-02-03T07:13:52.853010 #56609]  INFO -- : nil
I, [2014-02-03T07:13:53.110769 #56611]  INFO -- : true
I, [2014-02-03T07:13:53.110953 #56611]  INFO -- : nil
I, [2014-02-03T07:14:11.417731 #56623]  INFO -- : #<Session:0x007fc442843060 @id="new", @title="Create new session h...", @subtitle=nil>
I, [2014-02-03T07:14:12.870827 #56628]  INFO -- : #<Session:0x007ffb5111f090 @id="new", @title="Create new session ha...", @subtitle=nil>
I, [2014-02-03T07:14:13.877062 #56630]  INFO -- : #<Session:0x007f9ff2127098 @id="new", @title="Create new session hae...", @subtitle=nil>
I, [2014-02-03T07:14:14.828533 #56632]  INFO -- : #<Session:0x007f9c630a6fe8 @id="new", @title="Create new session haee...", @subtitle=nil>
I, [2014-02-03T07:14:15.627049 #56634]  INFO -- : #<Session:0x007f8bf602f0d8 @id="new", @title="Create new session haeea...", @subtitle=nil>
I, [2014-02-03T07:14:15.842909 #56636]  INFO -- : #<Session:0x007f8bbb083038 @id="new", @title="Create new session haeeaoe...", @subtitle=nil>
I, [2014-02-03T07:14:16.016367 #56638]  INFO -- : #<Session:0x007feb328f7080 @id="new", @title="Create new session haeeaoeu...", @subtitle=nil>
I, [2014-02-03T07:14:16.151520 #56640]  INFO -- : #<Session:0x007ff2d20cb198 @id="new", @title="Create new session haeeaoe...", @subtitle=nil>
I, [2014-02-03T07:14:16.338163 #56642]  INFO -- : #<Session:0x007fabf48e7018 @id="new", @title="Create new session haeeao...", @subtitle=nil>
I, [2014-02-03T07:14:16.474682 #56644]  INFO -- : #<Session:0x007fdc699c70a0 @id="new", @title="Create new session haee...", @subtitle=nil>
I, [2014-02-03T07:14:16.640510 #56646]  INFO -- : #<Session:0x007feefd0bf0d8 @id="new", @title="Create new session hae...", @subtitle=nil>
I, [2014-02-03T07:14:16.918156 #56648]  INFO -- : #<Session:0x007fed8d0730c8 @id="new", @title="Create new session ha...", @subtitle=nil>
I, [2014-02-03T07:14:17.110795 #56650]  INFO -- : #<Session:0x007f9522083068 @id="new", @title="Create new session h...", @subtitle=nil>
I, [2014-02-03T07:14:20.994542 #56655]  INFO -- : #<Session:0x007fb01c82f0b8 @id="new", @title="Create new session h...", @subtitle=nil>
I, [2014-02-03T07:14:24.968411 #56658]  INFO -- : #<Session:0x007f8b1207f018 @id="new", @title="Create new session he...", @subtitle=nil>
I, [2014-02-03T07:14:25.331130 #56660]  INFO -- : #<Session:0x007fef8e003090 @id="new", @title="Create new session hel...", @subtitle=nil>
I, [2014-02-03T07:14:26.414987 #56662]  INFO -- : #<Session:0x007f883380f0d0 @id="new", @title="Create new session he...", @subtitle=nil>
I, [2014-02-03T07:14:26.639096 #56664]  INFO -- : #<Session:0x007faa7500f060 @id="new", @title="Create new session h...", @subtitle=nil>
I, [2014-02-03T07:14:27.787929 #56668]  INFO -- : #<Session:0x007fc03c9370c0 @id="new", @title="Create new session n...", @subtitle=nil>
I, [2014-02-03T07:14:28.766235 #56670]  INFO -- : #<Session:0x007ff72d0770c0 @id="new", @title="Create new session nw...", @subtitle=nil>
I, [2014-02-03T07:14:29.115434 #56672]  INFO -- : #<Session:0x007fd2b10c3010 @id="new", @title="Create new session nwe...", @subtitle=nil>
I, [2014-02-03T07:14:29.600381 #56674]  INFO -- : #<Session:0x007fe2a38e7000 @id="new", @title="Create new session nw...", @subtitle=nil>
I, [2014-02-03T07:14:29.793742 #56676]  INFO -- : #<Session:0x007fd20c0c7098 @id="new", @title="Create new session n...", @subtitle=nil>
I, [2014-02-03T07:14:55.600563 #56689]  INFO -- : #<Session:0x007fa59192f048 @id="new", @title="New session: h...", @subtitle=nil>
I, [2014-02-03T07:35:40.230267 #56842]  INFO -- : #<Session:0x007f7fe38a30d0 @id="new:s", @title="New session: s...", @subtitle=nil>
I, [2014-02-03T07:35:43.959625 #56849]  INFO -- : #<Session:0x007ff04c83b028 @id="new:h", @title="New session: h...", @subtitle=nil>
I, [2014-02-03T07:35:44.175373 #56851]  INFO -- : #<Session:0x007ff05b877118 @id="new:he", @title="New session: he...", @subtitle=nil>
I, [2014-02-03T07:35:44.496194 #56853]  INFO -- : #<Session:0x007fba850b7100 @id="new:hel", @title="New session: hel...", @subtitle=nil>
I, [2014-02-03T07:35:45.591837 #56855]  INFO -- : #<Session:0x007fd25601b0f0 @id="new:hell", @title="New session: hell...", @subtitle=nil>
I, [2014-02-03T07:35:45.743360 #56857]  INFO -- : #<Session:0x007fa5ea0e7120 @id="new:hello", @title="New session: hello...", @subtitle=nil>
I, [2014-02-03T07:35:48.996308 #56859]  INFO -- : #<Session:0x007fd2f10ff138 @id="new:hell", @title="New session: hell...", @subtitle=nil>
I, [2014-02-03T07:35:51.773555 #56861]  INFO -- : #<Session:0x007ffb8b8db100 @id="new:hello", @title="New session: hello...", @subtitle=nil>
I, [2014-02-03T07:35:52.795435 #56863]  INFO -- : #<Session:0x007ff3e29c7150 @id="new:hello\\ ", @title="New session: hello\\ ...", @subtitle=nil>
I, [2014-02-03T07:35:52.996803 #56865]  INFO -- : #<Session:0x007ffa1d02b100 @id="new:hello\\ t", @title="New session: hello\\ t...", @subtitle=nil>
I, [2014-02-03T07:35:53.381860 #56867]  INFO -- : #<Session:0x007f998407f100 @id="new:hello\\ th", @title="New session: hello\\ th...", @subtitle=nil>
I, [2014-02-03T07:35:53.567844 #56869]  INFO -- : #<Session:0x007ff2b48c70b8 @id="new:hello\\ the", @title="New session: hello\\ the...", @subtitle=nil>
I, [2014-02-03T07:35:53.755307 #56871]  INFO -- : #<Session:0x007f94f380b0f8 @id="new:hello\\ ther", @title="New session: hello\\ ther...", @subtitle=nil>
I, [2014-02-03T07:35:53.878764 #56873]  INFO -- : #<Session:0x007f85a11370f8 @id="new:hello\\ there", @title="New session: hello\\ there...", @subtitle=nil>
I, [2014-02-03T07:35:54.355816 #56875]  INFO -- : #<Session:0x007ff83508f108 @id="new:hello\\ thereo", @title="New session: hello\\ thereo...", @subtitle=nil>
I, [2014-02-03T07:35:54.864701 #56877]  INFO -- : #<Session:0x007fc6eb0930d0 @id="new:hello\\ thereoo", @title="New session: hello\\ thereoo...", @subtitle=nil>
I, [2014-02-03T07:35:55.968678 #56880]  INFO -- : #<Session:0x007fed5406f0b0 @id="new:hello\\ thereoob", @title="New session: hello\\ thereoob...", @subtitle=nil>
I, [2014-02-03T07:35:56.128870 #56882]  INFO -- : #<Session:0x007fbbbc0e7138 @id="new:hello\\ thereoobo", @title="New session: hello\\ thereoobo...", @subtitle=nil>
I, [2014-02-03T07:35:56.439406 #56884]  INFO -- : #<Session:0x007f82450fb120 @id="new:hello\\ thereoobog", @title="New session: hello\\ thereoobog...", @subtitle=nil>
I, [2014-02-03T07:35:56.844778 #56886]  INFO -- : #<Session:0x007fe5d30830e8 @id="new:hello\\ thereoobog\\", @title="New session: hello\\ thereoobog\\...", @subtitle=nil>
I, [2014-02-03T07:35:57.102836 #56888]  INFO -- : #<Session:0x007fd30382f0b8 @id="new:hello\\ thereoobog\\\\", @title="New session: hello\\ thereoobog\\\\...", @subtitle=nil>
I, [2014-02-03T07:35:57.363592 #56890]  INFO -- : #<Session:0x007fd64185f100 @id="new:hello\\ thereoobog\\", @title="New session: hello\\ thereoobog\\...", @subtitle=nil>
I, [2014-02-03T07:36:00.447990 #56893]  INFO -- : #<Session:0x007f91d40e30e0 @id="new:hello\\ thereoobog", @title="New session: hello\\ thereoobog...", @subtitle=nil>
I, [2014-02-03T07:36:00.799370 #56895]  INFO -- : #<Session:0x007ff8008ff110 @id="new:hello\\ thereoobo", @title="New session: hello\\ thereoobo...", @subtitle=nil>
I, [2014-02-03T07:36:01.013018 #56897]  INFO -- : #<Session:0x007fecfa017090 @id="new:hello\\ th", @title="New session: hello\\ th...", @subtitle=nil>
I, [2014-02-03T07:36:01.138430 #56899]  INFO -- : #<Session:0x007ff11509b088 @id="new:hell", @title="New session: hell...", @subtitle=nil>
I, [2014-02-03T07:36:01.348824 #56901]  INFO -- : #<Session:0x007fce7a0ff078 @id="new:hel", @title="New session: hel...", @subtitle=nil>
I, [2014-02-03T07:36:01.555285 #56903]  INFO -- : #<Session:0x007ff3dc113140 @id="new:he", @title="New session: he...", @subtitle=nil>
I, [2014-02-03T07:36:01.738320 #56905]  INFO -- : #<Session:0x007fcf63833148 @id="new:h", @title="New session: h...", @subtitle=nil>
I, [2014-02-03T07:36:02.393389 #56909]  INFO -- : #<Session:0x007fad4c033198 @id="new:b", @title="New session: b...", @subtitle=nil>
I, [2014-02-03T07:36:02.621234 #56911]  INFO -- : #<Session:0x007fa4f38fb048 @id="new:bu", @title="New session: bu...", @subtitle=nil>
I, [2014-02-03T07:36:02.763898 #56913]  INFO -- : #<Session:0x007fc25d00f128 @id="new:but", @title="New session: but...", @subtitle=nil>
I, [2014-02-03T07:36:04.689460 #56915]  INFO -- : #<Session:0x007f90638070f0 @id="new:bu", @title="New session: bu...", @subtitle=nil>
I, [2014-02-03T07:36:04.954252 #56917]  INFO -- : #<Session:0x007fe10a05f120 @id="new:b", @title="New session: b...", @subtitle=nil>
I, [2014-02-03T07:40:35.432293 #57104]  INFO -- : #<Session:0x007fe0cb906e20 @id="h", @action=:create, @title="Create session: h...", @subtitle=nil>
I, [2014-02-03T07:40:36.572832 #57106]  INFO -- : #<Session:0x007fb61380ec80 @id="he", @action=:create, @title="Create session: he...", @subtitle=nil>
I, [2014-02-03T07:40:37.000173 #57108]  INFO -- : #<Session:0x007fec83032d80 @id="heo", @action=:create, @title="Create session: heo...", @subtitle=nil>
I, [2014-02-03T07:40:37.834522 #57113]  INFO -- : #<Session:0x007f9843026f38 @id="he", @action=:create, @title="Create session: he...", @subtitle=nil>
I, [2014-02-03T07:40:38.086043 #57115]  INFO -- : #<Session:0x007fcc4485eea0 @id="h", @action=:create, @title="Create session: h...", @subtitle=nil>
I, [2014-02-03T07:40:48.371672 #57126]  INFO -- : #<Session:0x007f937c852e30 @id="de", @action=:create, @title="Create session: de...", @subtitle=nil>
I, [2014-02-03T07:40:48.617792 #57129]  INFO -- : #<Session:0x007fd7c48b6e80 @id="dev", @action=:create, @title="Create session: dev...", @subtitle=nil>
I, [2014-02-03T07:40:49.347956 #57131]  INFO -- : #<Session:0x007f993d82ed70 @id="devo", @action=:create, @title="Create session: devo...", @subtitle=nil>
I, [2014-02-03T07:40:49.723601 #57133]  INFO -- : #<Session:0x007f95110bef98 @id="devop", @action=:create, @title="Create session: devop...", @subtitle=nil>
I, [2014-02-03T07:40:50.208083 #57138]  INFO -- : #<Session:0x007fbde282ef18 @id="devops", @action=:create, @title="Create session: devops...", @subtitle=nil>
I, [2014-02-03T07:40:51.739339 #57140]  INFO -- : #<Session:0x007ff23b0fef58 @id="devops\\ ", @action=:create, @title="Create session: devops\\ ...", @subtitle=nil>
I, [2014-02-03T07:40:52.747236 #57142]  INFO -- : #<Session:0x007fe5348baeb8 @id="devops", @action=:create, @title="Create session: devops...", @subtitle=nil>
I, [2014-02-03T07:40:53.626520 #57144]  INFO -- : #<Session:0x007fc4e30f6ef0 @id="devops\\ ", @action=:create, @title="Create session: devops\\ ...", @subtitle=nil>
I, [2014-02-03T07:40:54.170057 #57146]  INFO -- : #<Session:0x007fa49b936e70 @id="devops\\ ", @action=:create, @title="Create session: devops\\ ...", @subtitle=nil>
I, [2014-02-03T07:40:55.156112 #57148]  INFO -- : #<Session:0x007fe4ba86af50 @id="devops\\ ", @action=:create, @title="Create session: devops\\ ...", @subtitle=nil>
I, [2014-02-03T07:40:55.399662 #57150]  INFO -- : #<Session:0x007f91eb8f6f18 @id="devops\\ ", @action=:create, @title="Create session: devops\\ ...", @subtitle=nil>
I, [2014-02-03T07:40:56.027612 #57152]  INFO -- : #<Session:0x007fc6f98fedd8 @id="devops\\ ", @action=:create, @title="Create session: devops\\ ...", @subtitle=nil>
I, [2014-02-03T07:40:56.457948 #57154]  INFO -- : #<Session:0x007fa29c8e2ee8 @id="devops\\ ", @action=:create, @title="Create session: devops\\ ...", @subtitle=nil>
I, [2014-02-03T07:40:56.707728 #57156]  INFO -- : #<Session:0x007ffbcb832f10 @id="devops\\ ", @action=:create, @title="Create session: devops\\ ...", @subtitle=nil>
I, [2014-02-03T07:40:57.728586 #57158]  INFO -- : #<Session:0x007f8e6c82ee78 @id="devops", @action=:create, @title="Create session: devops...", @subtitle=nil>
I, [2014-02-03T07:41:03.614370 #57160]  INFO -- : #<Session:0x007f9ae28feec0 @id="devops\\ ", @action=:create, @title="Create session: devops\\ ...", @subtitle=nil>
I, [2014-02-03T07:41:05.948525 #57163]  INFO -- : #<Session:0x007fb96b04ad40 @id="devops\\ ", @action=:create, @title="Create session: devops\\ ...", @subtitle=nil>
I, [2014-02-03T07:41:06.589607 #57165]  INFO -- : #<Session:0x007fb3cb092e60 @id="devops\\ ", @action=:create, @title="Create session: devops\\ ...", @subtitle=nil>
I, [2014-02-03T07:41:07.220972 #57167]  INFO -- : #<Session:0x007fb0e98e2e88 @id="devops", @action=:create, @title="Create session: devops...", @subtitle=nil>
I, [2014-02-03T07:42:16.254822 #57228]  INFO -- : true
I, [2014-02-03T07:42:16.255011 #57228]  INFO -- : #<Session:0x007fb7c3936700 @id="h", @action=:create, @title="Create session: h...", @subtitle=nil>
I, [2014-02-03T07:42:23.626193 #57233]  INFO -- : true
I, [2014-02-03T07:42:23.626373 #57233]  INFO -- : #<Session:0x007fda198c26c0 @id="d", @action=:create, @title="Create session: d...", @subtitle=nil>
I, [2014-02-03T07:42:23.901997 #57235]  INFO -- : true
I, [2014-02-03T07:42:23.902282 #57235]  INFO -- : #<Session:0x007fae7c136488 @id="de", @action=:create, @title="Create session: de...", @subtitle=nil>
I, [2014-02-03T07:42:24.110998 #57237]  INFO -- : true
I, [2014-02-03T07:42:24.111205 #57237]  INFO -- : #<Session:0x007fad53876498 @id="dev", @action=:create, @title="Create session: dev...", @subtitle=nil>
I, [2014-02-03T07:42:24.659115 #57239]  INFO -- : true
I, [2014-02-03T07:42:24.659316 #57239]  INFO -- : #<Session:0x007ff32394a660 @id="devo", @action=:create, @title="Create session: devo...", @subtitle=nil>
I, [2014-02-03T07:42:25.156674 #57241]  INFO -- : true
I, [2014-02-03T07:42:25.156888 #57241]  INFO -- : #<Session:0x007f8dd48e66b0 @id="devop", @action=:create, @title="Create session: devop...", @subtitle=nil>
I, [2014-02-03T07:42:25.412733 #57243]  INFO -- : true
I, [2014-02-03T07:42:25.412912 #57243]  INFO -- : #<Session:0x007fcca4056680 @id="devops", @action=:create, @title="Create session: devops...", @subtitle=nil>
I, [2014-02-03T07:42:29.940448 #57245]  INFO -- : true
I, [2014-02-03T07:42:29.940643 #57245]  INFO -- : #<Session:0x007fcf84182670 @id="devop", @action=:create, @title="Create session: devop...", @subtitle=nil>
I, [2014-02-03T07:42:30.694147 #57247]  INFO -- : true
I, [2014-02-03T07:42:30.694345 #57247]  INFO -- : #<Session:0x007fa6e4902670 @id="devops", @action=:create, @title="Create session: devops...", @subtitle=nil>
I, [2014-02-03T07:43:08.969549 #57266]  INFO -- : #<Session:0x007f8e9d8e6d08 @id="a", @action=:create, @title="Create session: a...", @subtitle=nil>
I, [2014-02-03T07:43:10.013707 #57271]  INFO -- : #<Session:0x007fdeac872b38 @id="d", @action=:create, @title="Create session: d...", @subtitle=nil>
I, [2014-02-03T07:43:10.240135 #57273]  INFO -- : #<Session:0x007fd34204ac00 @id="de", @action=:create, @title="Create session: de...", @subtitle=nil>
I, [2014-02-03T07:43:10.406165 #57275]  INFO -- : #<Session:0x007fd17d832c40 @id="dev", @action=:create, @title="Create session: dev...", @subtitle=nil>
I, [2014-02-03T07:43:10.685139 #57280]  INFO -- : #<Session:0x007f89bc112d38 @id="devo", @action=:create, @title="Create session: devo...", @subtitle=nil>
I, [2014-02-03T07:43:10.892975 #57282]  INFO -- : #<Session:0x007fe05b126dd8 @id="devop", @action=:create, @title="Create session: devop...", @subtitle=nil>
I, [2014-02-03T07:43:11.017431 #57284]  INFO -- : nil
I, [2014-02-03T07:52:29.387224 #57619]  INFO -- : [nil, nil]
I, [2014-02-03T08:11:40.724819 #59976]  INFO -- : ["focus", "$2"]
I, [2014-02-03T08:11:52.519546 #59983]  INFO -- : ["focus", "$2"]
I, [2014-02-03T08:12:48.924558 #59999]  INFO -- : ["focus", "$2"]
I, [2014-02-03T08:13:13.391732 #60009]  INFO -- : ["focus", "$2"]
I, [2014-02-03T08:13:17.185083 #60018]  INFO -- : ["focus", "$0"]
I, [2014-02-03T08:13:24.967938 #60037]  INFO -- : ["create", "test"]
I, [2014-02-03T08:30:35.951384 #60852]  INFO -- : ["focus", "$2"]
I, [2014-02-03T08:30:38.629391 #60862]  INFO -- : ["focus", "$0"]
I, [2014-02-03T09:14:57.873878 #67238]  INFO -- : ["create", "test-session"]
I, [2014-02-03T09:15:31.983915 #67284]  INFO -- : ["create", "test-session"]
I, [2014-02-03T09:15:50.050702 #67325]  INFO -- : ["create", "test-session"]
I, [2014-02-03T09:16:40.758615 #68787]  INFO -- : ["create", "test-session"]
I, [2014-02-03T09:17:32.121728 #69739]  INFO -- : ["create", "test-session"]
I, [2014-02-03T09:20:14.472283 #70688]  INFO -- : ["create", "test-session"]
I, [2014-02-03T09:28:02.069505 #72763]  INFO -- : ["create", "test-session"]
I, [2014-02-03T09:35:36.431900 #75352]  INFO -- : ["create", "test-session"]
I, [2014-02-03T10:53:28.908577 #78120]  INFO -- : ["focus", "$1"]
I, [2014-02-03T10:53:31.364768 #78133]  INFO -- : ["focus", "$0"]
I, [2014-02-03T21:37:06.030386 #90797]  INFO -- : ["new", "/Users/will/Dropbox/Projects/boot2docker"]
I, [2014-02-03T22:35:59.163565 #91141]  INFO -- : ["new", "/Users/will/Dropbox/Projects/boot2docker"]
I, [2014-02-03T22:38:17.988148 #91214]  INFO -- : ["new", "/Users/will/Dropbox/Projects/boot2docker"]
I, [2014-02-03T22:40:40.851296 #91297]  INFO -- : ["new", "/Users/will/Dropbox/Projects/boot2docker"]
I, [2014-02-03T22:41:57.103098 #91377]  INFO -- : ["new", "/Users/will/Dropbox/Projects/boot2docker"]
I, [2014-02-03T22:45:36.023435 #93027]  INFO -- : ["new", "/Users/will/Dropbox/Projects/boot2docker"]
I, [2014-02-03T22:47:12.968103 #94328]  INFO -- : ["new", "/Users/will/Dropbox/Projects/boot2docker"]
I, [2014-02-03T22:48:31.175826 #96823]  INFO -- : ["new", "/Users/will/Dropbox/Projects/boot2docker"]
I, [2014-02-03T22:50:11.014427 #99153]  INFO -- : ["new", "/Users/will/Dropbox/Projects/boot2docker"]
I, [2014-02-03T22:54:07.279737 #99672]  INFO -- : ["new", "/Users/will/Dropbox/Projects/boot2docker"]
I, [2014-02-03T22:57:05.475193 #2322]  INFO -- : ["new", "/Users/will/Dropbox/Projects/boot2docker"]
I, [2014-02-03T22:57:12.928643 #2328]  INFO -- : ["new", "/Users/will/Dropbox/Projects/boot2docker"]
I, [2014-02-03T22:57:24.753737 #2334]  INFO -- : ["new", "/Users/will/Dropbox/Projects/boot2docker"]
I, [2014-02-03T22:59:12.074503 #2369]  INFO -- : ["new", "/Users/will/Dropbox/Projects/boot2docker"]
I, [2014-02-03T22:59:31.684656 #2429]  INFO -- : ["new", "/Users/will/Dropbox/Projects/boot2docker"]
I, [2014-02-03T23:00:24.316345 #2545]  INFO -- : ["new", "/Users/will/Dropbox/Projects/boot2docker"]
I, [2014-02-03T23:00:24.823597 #2545]  INFO -- : 
I, [2014-02-03T23:00:31.519658 #2573]  INFO -- : ["new", "/Users/will/Dropbox/Projects/boot2docker"]
I, [2014-02-03T23:00:32.008016 #2573]  INFO -- : 
I, [2014-02-03T23:03:54.122548 #2707]  INFO -- : ["new", "/Users/will/Dropbox/Projects/boot2docker"]
I, [2014-02-04T13:42:22.157090 #9488]  INFO -- : ["focus", "$2"]
I, [2014-02-04T18:13:10.115837 #12936]  INFO -- : ["focus", "$23"]
I, [2014-02-04T18:31:05.554469 #15623]  INFO -- : ["new", "/Users/will/Dropbox/Projects/boot2docker"]
I, [2014-02-04T18:31:31.349355 #18282]  INFO -- : ["focus", "$24"]
I, [2014-02-04T18:31:41.251358 #18289]  INFO -- : ["focus", "$26"]
I, [2014-02-04T19:07:36.508920 #28240]  INFO -- : ["new", "/Users/will/Dropbox/Projects/boot2docker"]
I, [2014-02-04T19:32:07.398958 #31949]  INFO -- : ["new", "/Users/will/Dropbox/Projects/chnode"]
I, [2014-02-04T19:35:36.101054 #32088]  INFO -- : ["new", "/Users/will/Dropbox/Projects/chnode"]
I, [2014-02-04T19:36:48.004169 #32832]  INFO -- : ["new", "/Users/will/Dropbox/Projects/chnode"]
I, [2014-02-04T23:32:02.702852 #42071]  INFO -- : [["tmux/sessions"], "m"]
I, [2014-02-04T23:32:32.965946 #42106]  INFO -- : [["tmux/sessions"], "m"]
I, [2014-02-04T23:32:32.966181 #42106]  INFO -- : tmux/sessions
I, [2014-02-04T23:32:49.789654 #42141]  INFO -- : [["tmux/sessions"], "m"]
I, [2014-02-04T23:32:49.789985 #42141]  INFO -- : tmux/sessions
I, [2014-02-04T23:32:49.790043 #42141]  INFO -- : nil
I, [2014-02-04T23:33:01.671692 #42184]  INFO -- : [["tmux/sessions"], "m"]
I, [2014-02-04T23:33:01.672022 #42184]  INFO -- : tmux/sessions
I, [2014-02-04T23:33:01.672077 #42184]  INFO -- : {"tmux/session"=>Tmux::Session, "tmux/session_create"=>Tmux::SessionCreate}
I, [2014-02-04T23:33:43.244627 #42246]  INFO -- : [["tmux/sessions"], "m"]
I, [2014-02-04T23:33:43.244950 #42246]  INFO -- : tmux/sessions
I, [2014-02-04T23:33:43.245005 #42246]  INFO -- : {"tmux/session"=>Tmux::Session, "tmux/session_create"=>Tmux::SessionCreate}
I, [2014-02-04T23:33:49.533096 #42283]  INFO -- : [["tmux/session"], "m"]
I, [2014-02-04T23:33:49.533433 #42283]  INFO -- : tmux/session
I, [2014-02-04T23:33:49.533492 #42283]  INFO -- : {"tmux/session"=>Tmux::Session, "tmux/session_create"=>Tmux::SessionCreate}
I, [2014-02-04T23:33:49.546299 #42283]  INFO -- : {:title=>"m-blog", :subtitle=>"Focus this session"}
I, [2014-02-04T23:33:49.548389 #42283]  INFO -- : {:title=>"tmuxinator-workflow", :subtitle=>"Focus this session"}
I, [2014-02-04T23:34:17.189353 #42339]  INFO -- : [["tmux/session"], "m"]
I, [2014-02-04T23:34:17.189685 #42339]  INFO -- : tmux/session
I, [2014-02-04T23:34:17.189743 #42339]  INFO -- : {"tmux/session"=>Tmux::Session, "tmux/session_create"=>Tmux::SessionCreate}
I, [2014-02-04T23:34:17.200829 #42339]  INFO -- : {:title=>"m-blog", :subtitle=>"Focus this session"}
I, [2014-02-04T23:34:17.201270 #42339]  INFO -- : {:title=>"tmuxinator-workflow", :subtitle=>"Focus this session"}
I, [2014-02-04T23:34:26.005925 #42388]  INFO -- : [["tmux/session"], "m"]
I, [2014-02-04T23:34:26.006217 #42388]  INFO -- : tmux/session
I, [2014-02-04T23:34:26.006271 #42388]  INFO -- : {"tmux/session"=>Tmux::Session, "tmux/session_create"=>Tmux::SessionCreate}
I, [2014-02-04T23:34:26.017214 #42388]  INFO -- : {:title=>"m-blog", :subtitle=>"Focus this session"}
I, [2014-02-04T23:34:26.017721 #42388]  INFO -- : {:title=>"tmuxinator-workflow", :subtitle=>"Focus this session"}
I, [2014-02-04T23:34:52.189732 #42412]  INFO -- : [["tmux/session", "tmux/session_create"], "m"]
I, [2014-02-04T23:34:52.190036 #42412]  INFO -- : tmux/session
I, [2014-02-04T23:34:52.190090 #42412]  INFO -- : {"tmux/session"=>Tmux::Session, "tmux/session_create"=>Tmux::SessionCreate}
I, [2014-02-04T23:34:52.202909 #42412]  INFO -- : {:title=>"m-blog", :subtitle=>"Focus this session"}
I, [2014-02-04T23:34:52.203461 #42412]  INFO -- : {:title=>"tmuxinator-workflow", :subtitle=>"Focus this session"}
I, [2014-02-04T23:34:52.203709 #42412]  INFO -- : tmux/session_create
I, [2014-02-04T23:34:52.203762 #42412]  INFO -- : {"tmux/session"=>Tmux::Session, "tmux/session_create"=>Tmux::SessionCreate}
I, [2014-02-04T23:34:52.215147 #42412]  INFO -- : {:arg=>"m", :subtitle=>"Create this session", :title=>"Create session m"}
I, [2014-02-05T00:01:32.727289 #45256]  INFO -- : hello
I, [2014-02-05T00:01:32.727459 #45256]  INFO -- : here
I, [2014-02-05T00:01:32.727574 #45256]  INFO -- : here
I, [2014-02-05T00:01:51.092354 #45298]  INFO -- : hello
I, [2014-02-05T00:01:51.092473 #45298]  INFO -- : here
I, [2014-02-05T00:01:51.092531 #45298]  INFO -- : here
I, [2014-02-05T00:02:33.033894 #45336]  INFO -- : hello
I, [2014-02-05T00:02:33.034009 #45336]  INFO -- : here
I, [2014-02-05T00:02:33.034066 #45336]  INFO -- : here
